2024-01-17 14:30:00 INFO [System] E-commerce platform starting...
2024-01-17 14:30:01 INFO [Database] Connecting to PostgreSQL database at postgres://prod-db:5432
2024-01-17 14:30:02 INFO [Database] Connection pool initialized with 50 connections
2024-01-17 14:30:02 INFO [Cache] Connecting to Redis at redis://cache-01:6379
2024-01-17 14:30:03 INFO [Cache] Redis connection established
2024-01-17 14:30:03 INFO [WebServer] HTTP server listening on port 3000
2024-01-17 14:30:03 INFO [WebServer] HTTPS server listening on port 3443
2024-01-17 14:30:05 INFO [Auth] Authentication service initialized
2024-01-17 14:30:10 INFO [API] GET /health - 200 OK - 2ms
2024-01-17 14:30:15 INFO [API] POST /api/v1/auth/login - 200 OK - user: john@example.com - 45ms
2024-01-17 14:30:20 INFO [API] GET /api/v1/products?category=electronics - 200 OK - 123ms
2024-01-17 14:30:25 INFO [API] GET /api/v1/products/12345 - 200 OK - 67ms
2024-01-17 14:30:30 INFO [API] POST /api/v1/cart/add - 201 Created - 89ms
2024-01-17 14:30:35 ERROR [Payment] Payment gateway timeout - order: ORD-2024-001
2024-01-17 14:30:35 ERROR [Payment] Stripe API error: Connection timeout after 30s
2024-01-17 14:30:40 WARN [Payment] Retrying payment for order: ORD-2024-001
2024-01-17 14:30:45 ERROR [Payment] Payment gateway timeout - order: ORD-2024-001
2024-01-17 14:30:45 ERROR [Payment] Stripe API error: Connection timeout after 30s
2024-01-17 14:30:50 CRITICAL [Payment] Payment processing failed after 2 retries - order: ORD-2024-001
2024-01-17 14:30:55 INFO [API] POST /api/v1/auth/login - 200 OK - user: sarah@example.com - 52ms
2024-01-17 14:31:00 INFO [API] GET /api/v1/orders/user/12345 - 200 OK - 156ms
2024-01-17 14:31:05 WARN [RateLimiter] Rate limit warning for IP 203.0.113.42 - endpoint: /api/v1/search
2024-01-17 14:31:10 WARN [RateLimiter] Rate limit warning for IP 203.0.113.42 - endpoint: /api/v1/search
2024-01-17 14:31:15 ERROR [RateLimiter] Rate limit exceeded for IP 203.0.113.42 - blocking for 60s
2024-01-17 14:31:20 INFO [API] POST /api/v1/checkout - 201 Created - order: ORD-2024-002 - 234ms
2024-01-17 14:31:25 INFO [Payment] Payment successful - order: ORD-2024-002 - amount: $127.50
2024-01-17 14:31:30 INFO [Email] Order confirmation sent to: customer@example.com
2024-01-17 14:31:35 ERROR [Database] Deadlock detected on table: inventory
2024-01-17 14:31:35 ERROR [Database] Query: UPDATE inventory SET quantity = quantity - 1 WHERE product_id = 789
2024-01-17 14:31:36 WARN [Database] Rolling back transaction txn_2024_17_789
2024-01-17 14:31:37 INFO [Database] Transaction rolled back successfully
2024-01-17 14:31:40 INFO [API] POST /api/v1/reviews - 201 Created - 98ms
2024-01-17 14:31:45 WARN [Security] Suspicious activity detected - multiple failed login attempts
2024-01-17 14:31:45 WARN [Security] IP: 198.51.100.25 - username: admin - attempts: 5
2024-01-17 14:31:50 WARN [Security] IP: 198.51.100.25 - username: administrator - attempts: 3
2024-01-17 14:31:55 CRITICAL [Security] Brute force attack detected - blocking IP: 198.51.100.25
2024-01-17 14:32:00 INFO [Firewall] Added IP 198.51.100.25 to blocklist for 24 hours
2024-01-17 14:32:05 INFO [API] GET /api/v1/products?page=2&limit=20 - 200 OK - 189ms
2024-01-17 14:32:10 ERROR [Cache] Redis connection lost - attempting reconnect
2024-01-17 14:32:11 WARN [Cache] Reconnection attempt 1/3
2024-01-17 14:32:13 INFO [Cache] Redis connection restored
2024-01-17 14:32:15 INFO [API] GET /api/v1/recommendations/user/12345 - 200 OK - 345ms
2024-01-17 14:32:20 WARN [Performance] Slow query detected - 2.3s - SELECT * FROM orders WHERE created_at > '2024-01-01'
2024-01-17 14:32:25 INFO [API] GET /api/v1/analytics/dashboard - 200 OK - 567ms
2024-01-17 14:32:30 ERROR [S3] Failed to upload image: product-image-789.jpg
2024-01-17 14:32:30 ERROR [S3] AWS Error: Access Denied - Bucket: prod-product-images
2024-01-17 14:32:35 CRITICAL [S3] Image upload failed - this may affect product listings
2024-01-17 14:32:40 INFO [API] POST /api/v1/support/tickets - 201 Created - 134ms
2024-01-17 14:32:45 WARN [Memory] Memory usage high - 78% of 8GB used
2024-01-17 14:32:50 INFO [GarbageCollector] Starting GC cycle
2024-01-17 14:32:51 INFO [GarbageCollector] GC completed - freed 1.2GB - duration: 850ms
2024-01-17 14:32:55 INFO [API] GET /api/v1/products/search?q=laptop - 200 OK - 278ms
2024-01-17 14:33:00 ERROR [Payment] Payment gateway timeout - order: ORD-2024-003
2024-01-17 14:33:00 ERROR [Payment] Stripe API error: Connection timeout after 30s
2024-01-17 14:33:05 WARN [Payment] Retrying payment for order: ORD-2024-003
2024-01-17 14:33:10 ERROR [Payment] Payment gateway timeout - order: ORD-2024-003
2024-01-17 14:33:10 ERROR [Payment] Stripe API error: Connection timeout after 30s
2024-01-17 14:33:15 CRITICAL [Payment] Payment processing failed after 2 retries - order: ORD-2024-003
2024-01-17 14:33:20 ERROR [Payment] Payment gateway timeout - order: ORD-2024-004
2024-01-17 14:33:25 INFO [Monitoring] Health check - CPU: 45%, Memory: 72%, Disk: 62%
2024-01-17 14:33:30 INFO [API] GET /api/v1/categories - 200 OK - 45ms
2024-01-17 14:33:35 WARN [Database] Connection pool at 90% capacity - 45/50 connections in use
2024-01-17 14:33:40 ERROR [Database] Connection timeout - no available connections in pool
2024-01-17 14:33:40 ERROR [API] GET /api/v1/orders - 503 Service Unavailable
2024-01-17 14:33:45 CRITICAL [Database] Connection pool exhausted - scaling required
2024-01-17 14:33:50 INFO [Admin] Scaling database connection pool to 100 connections
2024-01-17 14:33:55 INFO [Database] Connection pool resized successfully
2024-01-17 14:34:00 INFO [API] GET /api/v1/orders - 200 OK - 187ms
