2024-01-15 08:00:01 INFO [WebServer] Server started on port 8080
2024-01-15 08:00:02 INFO [Database] Connected to database: production-db
2024-01-15 08:00:05 INFO [Auth] User login successful: user@example.com
2024-01-15 08:00:10 INFO [API] GET /api/users/123 - 200 OK - 45ms
2024-01-15 08:00:15 INFO [API] POST /api/orders - 201 Created - 120ms
2024-01-15 08:00:20 ERROR [Database] Connection timeout after 30s
2024-01-15 08:00:21 WARN [Database] Retrying connection... attempt 1/3
2024-01-15 08:00:25 INFO [Database] Connection restored
2024-01-15 08:00:30 INFO [API] GET /api/products/456 - 200 OK - 38ms
2024-01-15 08:00:35 ERROR [API] POST /api/payments - 500 Internal Server Error
2024-01-15 08:00:35 ERROR [Payment] Payment processor unavailable: connection refused
2024-01-15 08:00:40 INFO [API] GET /api/users/789 - 200 OK - 42ms
2024-01-15 08:00:45 ERROR [API] POST /api/payments - 500 Internal Server Error
2024-01-15 08:00:45 ERROR [Payment] Payment processor unavailable: connection refused
2024-01-15 08:00:50 WARN [Cache] Redis cache miss for key: user_session_abc123
2024-01-15 08:00:55 INFO [API] GET /api/orders/321 - 200 OK - 55ms
2024-01-15 08:01:00 ERROR [Database] Query timeout: SELECT * FROM orders WHERE status='pending'
2024-01-15 08:01:01 ERROR [API] GET /api/orders - 504 Gateway Timeout
2024-01-15 08:01:05 INFO [API] GET /api/users/123 - 200 OK - 43ms
2024-01-15 08:01:10 ERROR [API] POST /api/payments - 500 Internal Server Error
2024-01-15 08:01:10 ERROR [Payment] Payment processor unavailable: connection refused
2024-01-15 08:01:15 WARN [Auth] Failed login attempt: invalid credentials - user@test.com
2024-01-15 08:01:20 WARN [Auth] Failed login attempt: invalid credentials - user@test.com
2024-01-15 08:01:25 WARN [Auth] Failed login attempt: invalid credentials - user@test.com
2024-01-15 08:01:26 ERROR [Auth] Account locked due to multiple failed login attempts: user@test.com
2024-01-15 08:01:30 INFO [API] GET /api/products/789 - 200 OK - 39ms
2024-01-15 08:01:35 ERROR [Database] Connection pool exhausted - max connections: 100
2024-01-15 08:01:40 ERROR [API] GET /api/users - 503 Service Unavailable
2024-01-15 08:01:45 INFO [Admin] Database connection pool increased to 150
2024-01-15 08:01:50 INFO [Database] Connection pool stabilized
2024-01-15 08:01:55 INFO [API] GET /api/products - 200 OK - 65ms
2024-01-15 08:02:00 INFO [API] POST /api/orders - 201 Created - 110ms
2024-01-15 08:02:05 WARN [Security] Potential SQL injection attempt detected: /api/search?q=1' OR '1'='1
2024-01-15 08:02:05 INFO [Security] Request blocked from IP: 192.168.1.100
2024-01-15 08:02:10 INFO [API] GET /api/users/456 - 200 OK - 41ms
2024-01-15 08:02:15 ERROR [API] POST /api/payments - 500 Internal Server Error
2024-01-15 08:02:15 ERROR [Payment] Payment processor unavailable: connection refused
2024-01-15 08:02:20 INFO [API] GET /api/orders/654 - 200 OK - 48ms
2024-01-15 08:02:25 INFO [Backup] Starting automated database backup
2024-01-15 08:02:30 INFO [Backup] Backup completed successfully - size: 2.3GB
2024-01-15 08:02:35 INFO [API] GET /api/users/789 - 200 OK - 44ms
2024-01-15 08:02:40 WARN [Memory] High memory usage detected: 85% of available RAM
2024-01-15 08:02:45 INFO [GC] Garbage collection started
2024-01-15 08:02:46 INFO [GC] Garbage collection completed - freed 1.2GB
2024-01-15 08:02:50 INFO [API] GET /api/products/123 - 200 OK - 40ms
2024-01-15 08:02:55 INFO [API] POST /api/reviews - 201 Created - 95ms
